{"62b43e6912a64c8eaa3d9e86da5a604e":{"statistic":{"failed":0,"broken":1,"skipped":0,"passed":0,"unknown":0,"total":1},"items":[{"uid":"40eb5480234ec27e","reportUrl":"https://javiermayan.github.io/test-automation-python-practice/23//#testresult/40eb5480234ec27e","status":"broken","statusDetails":"selenium.common.exceptions.WebDriverException: Message: unknown error: Chrome failed to start: exited abnormally.\n  (unknown error: DevToolsActivePort file doesn't exist)\n  (The process started from chrome location /usr/bin/google-chrome is no longer running, so ChromeDriver is assuming that Chrome has crashed.)\nStacktrace:\n#0 0x55e1825d2b13 <unknown>\n#1 0x55e1823d9688 <unknown>\n#2 0x55e1823fdf1f <unknown>\n#3 0x55e1823f95aa <unknown>\n#4 0x55e18243464a <unknown>\n#5 0x55e18242e7a3 <unknown>\n#6 0x55e1824040ea <unknown>\n#7 0x55e182405225 <unknown>\n#8 0x55e18261a2dd <unknown>\n#9 0x55e18261e2c7 <unknown>\n#10 0x55e18260422e <unknown>\n#11 0x55e18261f0a8 <unknown>\n#12 0x55e1825f8bc0 <unknown>\n#13 0x55e18263b6c8 <unknown>\n#14 0x55e18263b848 <unknown>\n#15 0x55e182655c0d <unknown>\n#16 0x7fb79cd5c609 <unknown>","time":{"start":1657830368832,"stop":1657830372761,"duration":3929}}]},"4db9caae8ef7326232c323be69d7c921":{"statistic":{"failed":4,"broken":0,"skipped":0,"passed":0,"unknown":0,"total":4},"items":[{"uid":"3cf05b2daf80b506","reportUrl":"https://javiermayan.github.io/test-automation-python-practice/23//#testresult/3cf05b2daf80b506","status":"failed","statusDetails":"AssertionError: assert 2 == 3","time":{"start":1657830368801,"stop":1657830368802,"duration":1}},{"uid":"d9f492d8c5490526","reportUrl":"https://javiermayan.github.io/test-automation-python-practice/22//#testresult/d9f492d8c5490526","status":"failed","statusDetails":"AssertionError: assert 2 == 3","time":{"start":1657742529712,"stop":1657742529712,"duration":0}},{"uid":"4b4a9418cbf6ae3b","reportUrl":"https://javiermayan.github.io/test-automation-python-practice/20//#testresult/4b4a9418cbf6ae3b","status":"failed","statusDetails":"AssertionError: assert 2 == 3","time":{"start":1657741951648,"stop":1657741951648,"duration":0}},{"uid":"6c3cb921775d6672","reportUrl":"https://javiermayan.github.io/test-automation-python-practice/19//#testresult/6c3cb921775d6672","status":"failed","statusDetails":"AssertionError: assert 2 == 3","time":{"start":1657730708932,"stop":1657730708933,"duration":1}}]}}